# JRE version: OpenJDK Runtime Environment (17.0.6) (build 17.0.6+0-b2043.56-9586694)
# Java VM: OpenJDK 64-Bit Server VM (17.0.6+0-b2043.56-9586694, mixed mode, tiered, compressed oops, compressed class ptrs, g1 gc, windows-amd64)
GC Precious Log:
 CPUs: 4 total, 4 available
 Memory: 8095M
 Large Page Support: Disabled
 NUMA Support: Disabled
 Compressed Oops: Enabled (32-bit)
 Heap Region Size: 1M
 Heap Min Capacity: 8M
 Heap Initial Capacity: 128M
 Heap Max Capacity: 2G
 Pre-touch: Disabled
 Parallel Workers: 4
 Concurrent Workers: 1
 Concurrent Refinement Workers: 4
 Periodic GC: Disabled
Heap:
 garbage-first heap   total 304128K, used 182784K [0x0000000080000000, 0x0000000100000000)
  region size 1024K, 2 young (2048K), 2 survivors (2048K)
 Metaspace       used 104614K, committed 105344K, reserved 1146880K
  class space    used 14230K, committed 14592K, reserved 1048576K
GC Heap History (20 events):
Event: 19.994 GC heap after
{Heap after GC invocations=29 (full 0):
 garbage-first heap   total 177152K, used 90991K [0x0000000080000000, 0x0000000100000000)
  region size 1024K, 9 young (9216K), 9 survivors (9216K)
 Metaspace       used 87925K, committed 88576K, reserved 1130496K
  class space    used 11997K, committed 12288K, reserved 1048576K
}
Event: 20.807 GC heap before
{Heap before GC invocations=29 (full 0):
 garbage-first heap   total 177152K, used 127855K [0x0000000080000000, 0x0000000100000000)
  region size 1024K, 47 young (48128K), 9 survivors (9216K)
 Metaspace       used 88540K, committed 89280K, reserved 1130496K
  class space    used 12053K, committed 12416K, reserved 1048576K
}
Event: 20.831 GC heap after
{Heap after GC invocations=30 (full 0):
 garbage-first heap   total 177152K, used 101888K [0x0000000080000000, 0x0000000100000000)
  region size 1024K, 7 young (7168K), 7 survivors (7168K)
 Metaspace       used 88540K, committed 89280K, reserved 1130496K
  class space    used 12053K, committed 12416K, reserved 1048576K
}
Event: 22.115 GC heap before
{Heap before GC invocations=31 (full 0):
 garbage-first heap   total 199680K, used 146944K [0x0000000080000000, 0x0000000100000000)
  region size 1024K, 37 young (37888K), 7 survivors (7168K)
 Metaspace       used 91295K, committed 91968K, reserved 1130496K
  class space    used 12334K, committed 12672K, reserved 1048576K
}
Event: 22.140 GC heap after
{Heap after GC invocations=32 (full 0):
 garbage-first heap   total 199680K, used 102088K [0x0000000080000000, 0x0000000100000000)
  region size 1024K, 2 young (2048K), 2 survivors (2048K)
 Metaspace       used 91295K, committed 91968K, reserved 1130496K
  class space    used 12334K, committed 12672K, reserved 1048576K
}
Event: 22.319 GC heap before
{Heap before GC invocations=32 (full 0):
 garbage-first heap   total 199680K, used 109256K [0x0000000080000000, 0x0000000100000000)
  region size 1024K, 9 young (9216K), 2 survivors (2048K)
 Metaspace       used 91863K, committed 92544K, reserved 1130496K
  class space    used 12401K, committed 12736K, reserved 1048576K
}
Event: 22.324 GC heap after
{Heap after GC invocations=33 (full 0):
 garbage-first heap   total 239616K, used 102597K [0x0000000080000000, 0x0000000100000000)
  region size 1024K, 1 young (1024K), 1 survivors (1024K)
 Metaspace       used 91863K, committed 92544K, reserved 1130496K
  class space    used 12401K, committed 12736K, reserved 1048576K
}
Event: 24.222 GC heap before
{Heap before GC invocations=33 (full 0):
 garbage-first heap   total 239616K, used 179397K [0x0000000080000000, 0x0000000100000000)
  region size 1024K, 77 young (78848K), 1 survivors (1024K)
 Metaspace       used 97569K, committed 98240K, reserved 1138688K
  class space    used 13128K, committed 13440K, reserved 1048576K
}
Event: 24.235 GC heap after
{Heap after GC invocations=34 (full 0):
 garbage-first heap   total 239616K, used 108724K [0x0000000080000000, 0x0000000100000000)
  region size 1024K, 7 young (7168K), 7 survivors (7168K)
 Metaspace       used 97569K, committed 98240K, reserved 1138688K
  class space    used 13128K, committed 13440K, reserved 1048576K
}
Event: 25.609 GC heap before
{Heap before GC invocations=34 (full 0):
 garbage-first heap   total 239616K, used 173236K [0x0000000080000000, 0x0000000100000000)
  region size 1024K, 66 young (67584K), 7 survivors (7168K)
 Metaspace       used 98353K, committed 99008K, reserved 1138688K
  class space    used 13213K, committed 13504K, reserved 1048576K
}
Event: 25.631 GC heap after
{Heap after GC invocations=35 (full 0):
 garbage-first heap   total 239616K, used 120795K [0x0000000080000000, 0x0000000100000000)
  region size 1024K, 6 young (6144K), 6 survivors (6144K)
 Metaspace       used 98353K, committed 99008K, reserved 1138688K
  class space    used 13213K, committed 13504K, reserved 1048576K
}
Event: 26.950 GC heap before
{Heap before GC invocations=36 (full 0):
 garbage-first heap   total 239616K, used 215003K [0x0000000080000000, 0x0000000100000000)
  region size 1024K, 73 young (74752K), 6 survivors (6144K)
 Metaspace       used 102254K, committed 103040K, reserved 1138688K
  class space    used 13759K, committed 14144K, reserved 1048576K
}
Event: 27.003 GC heap after
{Heap after GC invocations=37 (full 0):
 garbage-first heap   total 243712K, used 151091K [0x0000000080000000, 0x0000000100000000)
  region size 1024K, 10 young (10240K), 10 survivors (10240K)
 Metaspace       used 102254K, committed 103040K, reserved 1138688K
  class space    used 13759K, committed 14144K, reserved 1048576K
}
Event: 27.073 GC heap before
{Heap before GC invocations=37 (full 0):
 garbage-first heap   total 243712K, used 152115K [0x0000000080000000, 0x0000000100000000)
  region size 1024K, 11 young (11264K), 10 survivors (10240K)
 Metaspace       used 102569K, committed 103296K, reserved 1138688K
  class space    used 13809K, committed 14144K, reserved 1048576K
}
Event: 27.096 GC heap after
{Heap after GC invocations=38 (full 0):
 garbage-first heap   total 243712K, used 145408K [0x0000000080000000, 0x0000000100000000)
  region size 1024K, 1 young (1024K), 1 survivors (1024K)
 Metaspace       used 102569K, committed 103296K, reserved 1138688K
  class space    used 13809K, committed 14144K, reserved 1048576K
}
Event: 27.821 GC heap before
{Heap before GC invocations=38 (full 0):
 garbage-first heap   total 243712K, used 190464K [0x0000000080000000, 0x0000000100000000)
  region size 1024K, 45 young (46080K), 1 survivors (1024K)
 Metaspace       used 104595K, committed 105344K, reserved 1146880K
  class space    used 14230K, committed 14592K, reserved 1048576K
}
Event: 27.849 GC heap after
{Heap after GC invocations=39 (full 0):
 garbage-first heap   total 243712K, used 165741K [0x0000000080000000, 0x0000000100000000)
  region size 1024K, 6 young (6144K), 6 survivors (6144K)
 Metaspace       used 104595K, committed 105344K, reserved 1146880K
  class space    used 14230K, committed 14592K, reserved 1048576K
}
Event: 28.397 GC heap before
{Heap before GC invocations=40 (full 0):
 garbage-first heap   total 304128K, used 192365K [0x0000000080000000, 0x0000000100000000)
  region size 1024K, 33 young (33792K), 6 survivors (6144K)
 Metaspace       used 104614K, committed 105344K, reserved 1146880K
  class space    used 14230K, committed 14592K, reserved 1048576K
}
Event: 28.434 GC heap after
{Heap after GC invocations=41 (full 0):
 garbage-first heap   total 304128K, used 180224K [0x0000000080000000, 0x0000000100000000)
  region size 1024K, 5 young (5120K), 5 survivors (5120K)
 Metaspace       used 104614K, committed 105344K, reserved 1146880K
  class space    used 14230K, committed 14592K, reserved 1048576K
}
Event: 28.524 GC heap before
{Heap before GC invocations=41 (full 0):
 garbage-first heap   total 304128K, used 189440K [0x0000000080000000, 0x0000000100000000)
  region size 1024K, 14 young (14336K), 5 survivors (5120K)
 Metaspace       used 104614K, committed 105344K, reserved 1146880K
  class space    used 14230K, committed 14592K, reserved 1048576K
}

